2018-05-06 16:50:09.107 INFO  [restartedMain] MemoryApplication | Starting MemoryApplication on DESKTOP-H014RSM with PID 10496 (D:\memory\out\production\classes started by ZFGC in D:\memory)
2018-05-06 16:50:09.107 INFO  [restartedMain] MemoryApplication | The following profiles are active: dev
2018-05-06 16:50:09.141 INFO  [restartedMain] AnnotationConfigEmbeddedWebApplicationContext | Refreshing org.springframework.boot.context.embedded.AnnotationConfigEmbeddedWebApplicationContext@1e5d476: startup date [Sun May 06 16:50:09 CST 2018]; root of context hierarchy
2018-05-06 16:50:09.326 INFO  [background-preinit] Version | HV000001: Hibernate Validator 5.3.5.Final
2018-05-06 16:50:09.815 INFO  [restartedMain] DefaultListableBeanFactory | Overriding bean definition for bean 'dataSource' with a different definition: replacing [Root bean: class [null]; scope=; abstract=false; lazyInit=false; autowireMode=3; dependencyCheck=0; autowireCandidate=true; primary=false; factoryBeanName=org.springframework.boot.autoconfigure.jdbc.DataSourceConfiguration$Generic; factoryMethodName=dataSource; initMethodName=null; destroyMethodName=(inferred); defined in class path resource [org/springframework/boot/autoconfigure/jdbc/DataSourceConfiguration$Generic.class]] with [Root bean: class [null]; scope=; abstract=false; lazyInit=false; autowireMode=3; dependencyCheck=0; autowireCandidate=true; primary=false; factoryBeanName=org.springframework.boot.autoconfigure.jdbc.DataSourceConfiguration$Hikari; factoryMethodName=dataSource; initMethodName=null; destroyMethodName=(inferred); defined in class path resource [org/springframework/boot/autoconfigure/jdbc/DataSourceConfiguration$Hikari.class]]
2018-05-06 16:50:09.887 INFO  [restartedMain] RepositoryConfigurationDelegate | Multiple Spring Data modules found, entering strict repository configuration mode!
2018-05-06 16:50:09.948 WARN  [restartedMain] ClassPathMapperScanner | No MyBatis mapper was found in '[com.memory]' package. Please check your configuration.
2018-05-06 16:50:10.767 INFO  [restartedMain] TomcatEmbeddedServletContainer | Tomcat initialized with port(s): 8080 (http)
2018-05-06 16:50:10.775 INFO  [restartedMain] StandardService | Starting service [Tomcat]
2018-05-06 16:50:10.776 INFO  [restartedMain] StandardEngine | Starting Servlet Engine: Apache Tomcat/8.5.16
2018-05-06 16:50:10.901 INFO  [localhost-startStop-1] [/] | Initializing Spring embedded WebApplicationContext
2018-05-06 16:50:10.901 INFO  [localhost-startStop-1] ContextLoader | Root WebApplicationContext: initialization completed in 1760 ms
2018-05-06 16:50:11.129 INFO  [localhost-startStop-1] FilterRegistrationBean | Mapping filter: 'metricsFilter' to: [/*]
2018-05-06 16:50:11.130 INFO  [localhost-startStop-1] FilterRegistrationBean | Mapping filter: 'characterEncodingFilter' to: [/*]
2018-05-06 16:50:11.130 INFO  [localhost-startStop-1] DelegatingFilterProxyRegistrationBean | Mapping filter: 'springSecurityFilterChain' to: [/*]
2018-05-06 16:50:11.130 INFO  [localhost-startStop-1] FilterRegistrationBean | Mapping filter: 'webRequestLoggingFilter' to: [/*]
2018-05-06 16:50:11.130 INFO  [localhost-startStop-1] FilterRegistrationBean | Mapping filter: 'applicationContextIdFilter' to: [/*]
2018-05-06 16:50:11.130 INFO  [localhost-startStop-1] ServletRegistrationBean | Mapping servlet: 'dispatcherServlet' to [/]
2018-05-06 16:50:11.207 INFO  [restartedMain] RequestMappingHandlerMapping | Mapped "{[/error]}" onto public org.springframework.http.ResponseEntity<java.util.Map<java.lang.String, java.lang.Object>> org.springframework.boot.autoconfigure.web.BasicErrorController.error(javax.servlet.http.HttpServletRequest)
2018-05-06 16:50:11.208 INFO  [restartedMain] RequestMappingHandlerMapping | Mapped "{[/error],produces=[text/html]}" onto public org.springframework.web.servlet.ModelAndView org.springframework.boot.autoconfigure.web.BasicErrorController.errorHtml(javax.servlet.http.HttpServletRequest,javax.servlet.http.HttpServletResponse)
2018-05-06 16:50:11.248 INFO  [restartedMain] RequestMappingHandlerAdapter | Looking for @ControllerAdvice: org.springframework.boot.context.embedded.AnnotationConfigEmbeddedWebApplicationContext@1e5d476: startup date [Sun May 06 16:50:09 CST 2018]; root of context hierarchy
2018-05-06 16:50:11.558 INFO  [restartedMain] Version | Redisson 3.3.2
2018-05-06 16:50:11.894 INFO  [redisson-netty-1-14] MasterConnectionPool | 10 connections initialized for /127.0.0.1:6379
2018-05-06 16:50:11.894 INFO  [redisson-netty-1-13] MasterPubSubConnectionPool | 1 connections initialized for /127.0.0.1:6379
2018-05-06 16:50:12.109 INFO  [restartedMain] DefaultSecurityFilterChain | Creating filter chain: OrRequestMatcher [requestMatchers=[Ant [pattern='/css/**'], Ant [pattern='/js/**'], Ant [pattern='/images/**'], Ant [pattern='/webjars/**'], Ant [pattern='/**/favicon.ico'], Ant [pattern='/error']]], []
2018-05-06 16:50:12.165 INFO  [restartedMain] DefaultSecurityFilterChain | Creating filter chain: org.springframework.boot.actuate.autoconfigure.ManagementWebSecurityAutoConfiguration$LazyEndpointPathRequestMatcher@1da5d20, [org.springframework.security.web.context.request.async.WebAsyncManagerIntegrationFilter@839458, org.springframework.security.web.context.SecurityContextPersistenceFilter@1b63e48, org.springframework.security.web.header.HeaderWriterFilter@c94813, org.springframework.web.filter.CorsFilter@840d7e, org.springframework.security.web.authentication.logout.LogoutFilter@e7f907, org.springframework.security.web.authentication.www.BasicAuthenticationFilter@52d25, org.springframework.security.web.savedrequest.RequestCacheAwareFilter@1ac1bc7, org.springframework.security.web.servletapi.SecurityContextHolderAwareRequestFilter@140c7be, org.springframework.security.web.authentication.AnonymousAuthenticationFilter@1f836db, org.springframework.security.web.session.SessionManagementFilter@1988318, org.springframework.security.web.access.ExceptionTranslationFilter@cadf90, org.springframework.security.web.access.intercept.FilterSecurityInterceptor@18389a1]
2018-05-06 16:50:12.167 INFO  [restartedMain] DefaultSecurityFilterChain | Creating filter chain: OrRequestMatcher [requestMatchers=[Ant [pattern='/**']]], [org.springframework.security.web.context.request.async.WebAsyncManagerIntegrationFilter@16cfcb2, org.springframework.security.web.context.SecurityContextPersistenceFilter@64c54, org.springframework.security.web.header.HeaderWriterFilter@1698dc, org.springframework.security.web.authentication.logout.LogoutFilter@12c2a2f, org.springframework.security.web.authentication.www.BasicAuthenticationFilter@19caab2, org.springframework.security.web.savedrequest.RequestCacheAwareFilter@df5a91, org.springframework.security.web.servletapi.SecurityContextHolderAwareRequestFilter@e5ec2e, org.springframework.security.web.authentication.AnonymousAuthenticationFilter@49069d, org.springframework.security.web.session.SessionManagementFilter@1aa070a, org.springframework.security.web.access.ExceptionTranslationFilter@e1c5c0, org.springframework.security.web.access.intercept.FilterSecurityInterceptor@92156e]
2018-05-06 16:50:12.762 INFO  [restartedMain] OptionalLiveReloadServer | LiveReload server is running on port 35729
2018-05-06 16:50:12.881 INFO  [restartedMain] AnnotationConfigEmbeddedWebApplicationContext | Refreshing org.springframework.boot.context.embedded.AnnotationConfigEmbeddedWebApplicationContext@f8085: startup date [Sun May 06 16:50:12 CST 2018]; parent: org.springframework.boot.context.embedded.AnnotationConfigEmbeddedWebApplicationContext@1e5d476
2018-05-06 16:50:12.914 INFO  [restartedMain] DefaultListableBeanFactory | Overriding bean definition for bean 'handlerExceptionResolver' with a different definition: replacing [Root bean: class [null]; scope=; abstract=false; lazyInit=false; autowireMode=3; dependencyCheck=0; autowireCandidate=true; primary=false; factoryBeanName=org.springframework.web.servlet.config.annotation.DelegatingWebMvcConfiguration; factoryMethodName=handlerExceptionResolver; initMethodName=null; destroyMethodName=(inferred); defined in org.springframework.web.servlet.config.annotation.DelegatingWebMvcConfiguration] with [Root bean: class [null]; scope=; abstract=false; lazyInit=false; autowireMode=3; dependencyCheck=0; autowireCandidate=true; primary=false; factoryBeanName=endpointWebMvcChildContextConfiguration; factoryMethodName=compositeHandlerExceptionResolver; initMethodName=null; destroyMethodName=(inferred); defined in org.springframework.boot.actuate.autoconfigure.EndpointWebMvcChildContextConfiguration]
2018-05-06 16:50:13.062 INFO  [restartedMain] TomcatEmbeddedServletContainer | Tomcat initialized with port(s): 8081 (http)
2018-05-06 16:50:13.062 INFO  [restartedMain] StandardService | Starting service [Tomcat]
2018-05-06 16:50:13.062 INFO  [restartedMain] StandardEngine | Starting Servlet Engine: Apache Tomcat/8.5.16
2018-05-06 16:50:13.093 INFO  [localhost-startStop-1] [/] | Initializing Spring embedded WebApplicationContext
2018-05-06 16:50:13.093 INFO  [localhost-startStop-1] ContextLoader | Root WebApplicationContext: initialization completed in 212 ms
2018-05-06 16:50:13.104 INFO  [localhost-startStop-1] ServletRegistrationBean | Mapping servlet: 'dispatcherServlet' to [/]
2018-05-06 16:50:13.105 INFO  [localhost-startStop-1] FilterRegistrationBean | Mapping filter: 'springSecurityFilterChain' to: [/*]
2018-05-06 16:50:13.163 INFO  [restartedMain] EndpointHandlerMapping | Mapped "{[/beans || /beans.json],methods=[GET],produces=[application/vnd.spring-boot.actuator.v1+json || application/json]}" onto public java.lang.Object org.springframework.boot.actuate.endpoint.mvc.EndpointMvcAdapter.invoke()
2018-05-06 16:50:13.164 INFO  [restartedMain] EndpointHandlerMapping | Mapped "{[/mappings || /mappings.json],methods=[GET],produces=[application/vnd.spring-boot.actuator.v1+json || application/json]}" onto public java.lang.Object org.springframework.boot.actuate.endpoint.mvc.EndpointMvcAdapter.invoke()
2018-05-06 16:50:13.164 INFO  [restartedMain] EndpointHandlerMapping | Mapped "{[/heapdump || /heapdump.json],methods=[GET],produces=[application/octet-stream]}" onto public void org.springframework.boot.actuate.endpoint.mvc.HeapdumpMvcEndpoint.invoke(boolean,javax.servlet.http.HttpServletRequest,javax.servlet.http.HttpServletResponse) throws java.io.IOException,javax.servlet.ServletException
2018-05-06 16:50:13.164 INFO  [restartedMain] EndpointHandlerMapping | Mapped "{[/dump || /dump.json],methods=[GET],produces=[application/vnd.spring-boot.actuator.v1+json || application/json]}" onto public java.lang.Object org.springframework.boot.actuate.endpoint.mvc.EndpointMvcAdapter.invoke()
2018-05-06 16:50:13.165 INFO  [restartedMain] EndpointHandlerMapping | Mapped "{[/loggers/{name:.*}],methods=[GET],produces=[application/vnd.spring-boot.actuator.v1+json || application/json]}" onto public java.lang.Object org.springframework.boot.actuate.endpoint.mvc.LoggersMvcEndpoint.get(java.lang.String)
2018-05-06 16:50:13.165 INFO  [restartedMain] EndpointHandlerMapping | Mapped "{[/loggers/{name:.*}],methods=[POST],consumes=[application/vnd.spring-boot.actuator.v1+json || application/json],produces=[application/vnd.spring-boot.actuator.v1+json || application/json]}" onto public java.lang.Object org.springframework.boot.actuate.endpoint.mvc.LoggersMvcEndpoint.set(java.lang.String,java.util.Map<java.lang.String, java.lang.String>)
2018-05-06 16:50:13.166 INFO  [restartedMain] EndpointHandlerMapping | Mapped "{[/loggers || /loggers.json],methods=[GET],produces=[application/vnd.spring-boot.actuator.v1+json || application/json]}" onto public java.lang.Object org.springframework.boot.actuate.endpoint.mvc.EndpointMvcAdapter.invoke()
2018-05-06 16:50:13.167 INFO  [restartedMain] EndpointHandlerMapping | Mapped "{[/shutdown || /shutdown.json],methods=[POST],produces=[application/vnd.spring-boot.actuator.v1+json || application/json]}" onto public java.lang.Object org.springframework.boot.actuate.endpoint.mvc.ShutdownMvcEndpoint.invoke()
2018-05-06 16:50:13.168 INFO  [restartedMain] EndpointHandlerMapping | Mapped "{[/autoconfig || /autoconfig.json],methods=[GET],produces=[application/vnd.spring-boot.actuator.v1+json || application/json]}" onto public java.lang.Object org.springframework.boot.actuate.endpoint.mvc.EndpointMvcAdapter.invoke()
2018-05-06 16:50:13.168 INFO  [restartedMain] EndpointHandlerMapping | Mapped "{[/health || /health.json],methods=[GET],produces=[application/vnd.spring-boot.actuator.v1+json || application/json]}" onto public java.lang.Object org.springframework.boot.actuate.endpoint.mvc.HealthMvcEndpoint.invoke(javax.servlet.http.HttpServletRequest,java.security.Principal)
2018-05-06 16:50:13.169 INFO  [restartedMain] EndpointHandlerMapping | Mapped "{[/metrics/{name:.*}],methods=[GET],produces=[application/vnd.spring-boot.actuator.v1+json || application/json]}" onto public java.lang.Object org.springframework.boot.actuate.endpoint.mvc.MetricsMvcEndpoint.value(java.lang.String)
2018-05-06 16:50:13.169 INFO  [restartedMain] EndpointHandlerMapping | Mapped "{[/metrics || /metrics.json],methods=[GET],produces=[application/vnd.spring-boot.actuator.v1+json || application/json]}" onto public java.lang.Object org.springframework.boot.actuate.endpoint.mvc.EndpointMvcAdapter.invoke()
2018-05-06 16:50:13.169 INFO  [restartedMain] EndpointHandlerMapping | Mapped "{[/info || /info.json],methods=[GET],produces=[application/vnd.spring-boot.actuator.v1+json || application/json]}" onto public java.lang.Object org.springframework.boot.actuate.endpoint.mvc.EndpointMvcAdapter.invoke()
2018-05-06 16:50:13.169 INFO  [restartedMain] EndpointHandlerMapping | Mapped "{[/trace || /trace.json],methods=[GET],produces=[application/vnd.spring-boot.actuator.v1+json || application/json]}" onto public java.lang.Object org.springframework.boot.actuate.endpoint.mvc.EndpointMvcAdapter.invoke()
2018-05-06 16:50:13.170 INFO  [restartedMain] EndpointHandlerMapping | Mapped "{[/auditevents || /auditevents.json],methods=[GET],produces=[application/vnd.spring-boot.actuator.v1+json || application/json]}" onto public org.springframework.http.ResponseEntity<?> org.springframework.boot.actuate.endpoint.mvc.AuditEventsMvcEndpoint.findByPrincipalAndAfterAndType(java.lang.String,java.util.Date,java.lang.String)
2018-05-06 16:50:13.170 INFO  [restartedMain] EndpointHandlerMapping | Mapped "{[/configprops || /configprops.json],methods=[GET],produces=[application/vnd.spring-boot.actuator.v1+json || application/json]}" onto public java.lang.Object org.springframework.boot.actuate.endpoint.mvc.EndpointMvcAdapter.invoke()
2018-05-06 16:50:13.170 INFO  [restartedMain] EndpointHandlerMapping | Mapped "{[/env/{name:.*}],methods=[GET],produces=[application/vnd.spring-boot.actuator.v1+json || application/json]}" onto public java.lang.Object org.springframework.boot.actuate.endpoint.mvc.EnvironmentMvcEndpoint.value(java.lang.String)
2018-05-06 16:50:13.171 INFO  [restartedMain] EndpointHandlerMapping | Mapped "{[/env || /env.json],methods=[GET],produces=[application/vnd.spring-boot.actuator.v1+json || application/json]}" onto public java.lang.Object org.springframework.boot.actuate.endpoint.mvc.EndpointMvcAdapter.invoke()
2018-05-06 16:50:13.186 INFO  [restartedMain] RequestMappingHandlerMapping | Mapped "{[/error]}" onto public java.util.Map<java.lang.String, java.lang.Object> org.springframework.boot.actuate.endpoint.mvc.ManagementErrorEndpoint.invoke()
2018-05-06 16:50:13.200 INFO  [restartedMain] RequestMappingHandlerAdapter | Looking for @ControllerAdvice: org.springframework.boot.context.embedded.AnnotationConfigEmbeddedWebApplicationContext@f8085: startup date [Sun May 06 16:50:12 CST 2018]; parent: org.springframework.boot.context.embedded.AnnotationConfigEmbeddedWebApplicationContext@1e5d476
2018-05-06 16:50:13.231 INFO  [restartedMain] Http11NioProtocol | Initializing ProtocolHandler ["http-nio-127.0.0.1-8081"]
2018-05-06 16:50:13.238 INFO  [restartedMain] Http11NioProtocol | Starting ProtocolHandler ["http-nio-127.0.0.1-8081"]
2018-05-06 16:50:13.239 INFO  [restartedMain] NioSelectorPool | Using a shared selector for servlet write/read
2018-05-06 16:50:13.252 INFO  [restartedMain] TomcatEmbeddedServletContainer | Tomcat started on port(s): 8081 (http)
2018-05-06 16:50:13.260 INFO  [restartedMain] Http11NioProtocol | Initializing ProtocolHandler ["http-nio-8080"]
2018-05-06 16:50:13.260 INFO  [restartedMain] Http11NioProtocol | Starting ProtocolHandler ["http-nio-8080"]
2018-05-06 16:50:13.261 INFO  [restartedMain] NioSelectorPool | Using a shared selector for servlet write/read
2018-05-06 16:50:13.263 INFO  [restartedMain] TomcatEmbeddedServletContainer | Tomcat started on port(s): 8080 (http)
2018-05-06 16:50:13.265 INFO  [restartedMain] MemoryApplication | Started MemoryApplication in 4.559 seconds (JVM running for 5.047)
